INFO - 2024-11-27 05:59:45 --> Session: Class initialized using 'CodeIgniter\Session\Handlers\FileHandler' driver.
CRITICAL - 2024-11-27 05:59:45 --> Trying to access array offset on value of type null
in APPPATH/Controllers/BaseController.php on line 81.
 1 APPPATH/Controllers/BaseController.php(81): CodeIgniter\Debug\Exceptions->errorHandler(2, 'Trying to access array offset on value of type null', '/home/stagingbdsd/public_html/eu-world.com/adminpanel/app/Controllers/BaseController.php', 81)
 2 SYSTEMPATH/CodeIgniter.php(892): App\Controllers\BaseController->initController(Object(CodeIgniter\HTTP\IncomingRequest), Object(CodeIgniter\HTTP\Response), Object(CodeIgniter\Log\Logger))
 3 SYSTEMPATH/CodeIgniter.php(485): CodeIgniter\CodeIgniter->createController()
 4 SYSTEMPATH/CodeIgniter.php(353): CodeIgniter\CodeIgniter->handleRequest(null, Object(Config\Cache), false)
 5 FCPATH/index.php(79): CodeIgniter\CodeIgniter->run()
CRITICAL - 2024-11-27 05:59:45 --> Uncaught Error: Call to undefined method CodeIgniter\Debug\ExceptionHandler::cleanPath() in /home/stagingbdsd/public_html/eu-world.com/adminpanel/app/Views/errors/html/error_exception.php:69
Stack trace:
#0 /home/stagingbdsd/public_html/eu-world.com/adminpanel/system/Debug/BaseExceptionHandler.php(241): include()
#1 /home/stagingbdsd/public_html/eu-world.com/adminpanel/system/Debug/BaseExceptionHandler.php(244): CodeIgniter\Debug\BaseExceptionHandler->CodeIgniter\Debug\{closure}()
#2 /home/stagingbdsd/public_html/eu-world.com/adminpanel/system/Debug/ExceptionHandler.php(109): CodeIgniter\Debug\BaseExceptionHandler->render(Object(ErrorException), 500, '/home/stagingbd...')
#3 /home/stagingbdsd/public_html/eu-world.com/adminpanel/system/Debug/Exceptions.php(147): CodeIgniter\Debug\ExceptionHandler->handle(Object(ErrorException), Object(CodeIgniter\HTTP\IncomingRequest), Object(CodeIgniter\HTTP\Response), 500, 1)
#4 [internal function]: CodeIgniter\Debug\Exceptions->exceptionHandler(Object(ErrorException))
#5 {main}
  thrown
【Previous Exception】
ErrorException
Trying to access array offset on value of type null
#0 /home/stagingbdsd/public_html/eu-world.com/adminpanel/app/Controllers/BaseController.php(81): CodeIgniter\Debug\Exceptions->errorHandler(2, 'Trying to acces...', '/home/stagingbd...', 81)
#1 /home/stagingbdsd/public_html/eu-world.com/adminpanel/system/CodeIgniter.php(892): App\Controllers\BaseController->initController(Object(CodeIgniter\HTTP\IncomingRequest), Object(CodeIgniter\HTTP\Response), Object(CodeIgniter\Log\Logger))
#2 /home/stagingbdsd/public_html/eu-world.com/adminpanel/system/CodeIgniter.php(485): CodeIgniter\CodeIgniter->createController()
#3 /home/stagingbdsd/public_html/eu-world.com/adminpanel/system/CodeIgniter.php(353): CodeIgniter\CodeIgniter->handleRequest(NULL, Object(Config\Cache), false)
#4 /home/stagingbdsd/public_html/eu-world.com/adminpanel/index.php(79): CodeIgniter\CodeIgniter->run()
#5 {main}
in APPPATH/Views/errors/html/error_exception.php on line 69.
 1 [internal function]: CodeIgniter\Debug\Exceptions->shutdownHandler()
INFO - 2024-11-27 06:00:46 --> Session: Class initialized using 'CodeIgniter\Session\Handlers\FileHandler' driver.
CRITICAL - 2024-11-27 06:00:46 --> Trying to access array offset on value of type null
in APPPATH/Controllers/BaseController.php on line 81.
 1 APPPATH/Controllers/BaseController.php(81): CodeIgniter\Debug\Exceptions->errorHandler(2, 'Trying to access array offset on value of type null', '/home/stagingbdsd/public_html/eu-world.com/adminpanel/app/Controllers/BaseController.php', 81)
 2 SYSTEMPATH/CodeIgniter.php(892): App\Controllers\BaseController->initController(Object(CodeIgniter\HTTP\IncomingRequest), Object(CodeIgniter\HTTP\Response), Object(CodeIgniter\Log\Logger))
 3 SYSTEMPATH/CodeIgniter.php(485): CodeIgniter\CodeIgniter->createController()
 4 SYSTEMPATH/CodeIgniter.php(353): CodeIgniter\CodeIgniter->handleRequest(null, Object(Config\Cache), false)
 5 FCPATH/index.php(79): CodeIgniter\CodeIgniter->run()
CRITICAL - 2024-11-27 06:00:46 --> Uncaught Error: Call to undefined method CodeIgniter\Debug\ExceptionHandler::cleanPath() in /home/stagingbdsd/public_html/eu-world.com/adminpanel/app/Views/errors/html/error_exception.php:69
Stack trace:
#0 /home/stagingbdsd/public_html/eu-world.com/adminpanel/system/Debug/BaseExceptionHandler.php(241): include()
#1 /home/stagingbdsd/public_html/eu-world.com/adminpanel/system/Debug/BaseExceptionHandler.php(244): CodeIgniter\Debug\BaseExceptionHandler->CodeIgniter\Debug\{closure}()
#2 /home/stagingbdsd/public_html/eu-world.com/adminpanel/system/Debug/ExceptionHandler.php(109): CodeIgniter\Debug\BaseExceptionHandler->render(Object(ErrorException), 500, '/home/stagingbd...')
#3 /home/stagingbdsd/public_html/eu-world.com/adminpanel/system/Debug/Exceptions.php(147): CodeIgniter\Debug\ExceptionHandler->handle(Object(ErrorException), Object(CodeIgniter\HTTP\IncomingRequest), Object(CodeIgniter\HTTP\Response), 500, 1)
#4 [internal function]: CodeIgniter\Debug\Exceptions->exceptionHandler(Object(ErrorException))
#5 {main}
  thrown
【Previous Exception】
ErrorException
Trying to access array offset on value of type null
#0 /home/stagingbdsd/public_html/eu-world.com/adminpanel/app/Controllers/BaseController.php(81): CodeIgniter\Debug\Exceptions->errorHandler(2, 'Trying to acces...', '/home/stagingbd...', 81)
#1 /home/stagingbdsd/public_html/eu-world.com/adminpanel/system/CodeIgniter.php(892): App\Controllers\BaseController->initController(Object(CodeIgniter\HTTP\IncomingRequest), Object(CodeIgniter\HTTP\Response), Object(CodeIgniter\Log\Logger))
#2 /home/stagingbdsd/public_html/eu-world.com/adminpanel/system/CodeIgniter.php(485): CodeIgniter\CodeIgniter->createController()
#3 /home/stagingbdsd/public_html/eu-world.com/adminpanel/system/CodeIgniter.php(353): CodeIgniter\CodeIgniter->handleRequest(NULL, Object(Config\Cache), false)
#4 /home/stagingbdsd/public_html/eu-world.com/adminpanel/index.php(79): CodeIgniter\CodeIgniter->run()
#5 {main}
in APPPATH/Views/errors/html/error_exception.php on line 69.
 1 [internal function]: CodeIgniter\Debug\Exceptions->shutdownHandler()
INFO - 2024-11-27 06:00:58 --> Session: Class initialized using 'CodeIgniter\Session\Handlers\FileHandler' driver.
CRITICAL - 2024-11-27 06:00:58 --> Trying to access array offset on value of type null
in APPPATH/Controllers/BaseController.php on line 81.
 1 APPPATH/Controllers/BaseController.php(81): CodeIgniter\Debug\Exceptions->errorHandler(2, 'Trying to access array offset on value of type null', '/home/stagingbdsd/public_html/eu-world.com/adminpanel/app/Controllers/BaseController.php', 81)
 2 SYSTEMPATH/CodeIgniter.php(892): App\Controllers\BaseController->initController(Object(CodeIgniter\HTTP\IncomingRequest), Object(CodeIgniter\HTTP\Response), Object(CodeIgniter\Log\Logger))
 3 SYSTEMPATH/CodeIgniter.php(485): CodeIgniter\CodeIgniter->createController()
 4 SYSTEMPATH/CodeIgniter.php(353): CodeIgniter\CodeIgniter->handleRequest(null, Object(Config\Cache), false)
 5 FCPATH/index.php(79): CodeIgniter\CodeIgniter->run()
CRITICAL - 2024-11-27 06:00:58 --> Uncaught Error: Call to undefined method CodeIgniter\Debug\ExceptionHandler::cleanPath() in /home/stagingbdsd/public_html/eu-world.com/adminpanel/app/Views/errors/html/error_exception.php:69
Stack trace:
#0 /home/stagingbdsd/public_html/eu-world.com/adminpanel/system/Debug/BaseExceptionHandler.php(241): include()
#1 /home/stagingbdsd/public_html/eu-world.com/adminpanel/system/Debug/BaseExceptionHandler.php(244): CodeIgniter\Debug\BaseExceptionHandler->CodeIgniter\Debug\{closure}()
#2 /home/stagingbdsd/public_html/eu-world.com/adminpanel/system/Debug/ExceptionHandler.php(109): CodeIgniter\Debug\BaseExceptionHandler->render(Object(ErrorException), 500, '/home/stagingbd...')
#3 /home/stagingbdsd/public_html/eu-world.com/adminpanel/system/Debug/Exceptions.php(147): CodeIgniter\Debug\ExceptionHandler->handle(Object(ErrorException), Object(CodeIgniter\HTTP\IncomingRequest), Object(CodeIgniter\HTTP\Response), 500, 1)
#4 [internal function]: CodeIgniter\Debug\Exceptions->exceptionHandler(Object(ErrorException))
#5 {main}
  thrown
【Previous Exception】
ErrorException
Trying to access array offset on value of type null
#0 /home/stagingbdsd/public_html/eu-world.com/adminpanel/app/Controllers/BaseController.php(81): CodeIgniter\Debug\Exceptions->errorHandler(2, 'Trying to acces...', '/home/stagingbd...', 81)
#1 /home/stagingbdsd/public_html/eu-world.com/adminpanel/system/CodeIgniter.php(892): App\Controllers\BaseController->initController(Object(CodeIgniter\HTTP\IncomingRequest), Object(CodeIgniter\HTTP\Response), Object(CodeIgniter\Log\Logger))
#2 /home/stagingbdsd/public_html/eu-world.com/adminpanel/system/CodeIgniter.php(485): CodeIgniter\CodeIgniter->createController()
#3 /home/stagingbdsd/public_html/eu-world.com/adminpanel/system/CodeIgniter.php(353): CodeIgniter\CodeIgniter->handleRequest(NULL, Object(Config\Cache), false)
#4 /home/stagingbdsd/public_html/eu-world.com/adminpanel/index.php(79): CodeIgniter\CodeIgniter->run()
#5 {main}
in APPPATH/Views/errors/html/error_exception.php on line 69.
 1 [internal function]: CodeIgniter\Debug\Exceptions->shutdownHandler()
INFO - 2024-11-27 06:05:22 --> Session: Class initialized using 'CodeIgniter\Session\Handlers\FileHandler' driver.
INFO - 2024-11-27 06:05:22 --> Session: Class initialized using 'CodeIgniter\Session\Handlers\FileHandler' driver.
INFO - 2024-11-27 06:05:42 --> Session: Class initialized using 'CodeIgniter\Session\Handlers\FileHandler' driver.
INFO - 2024-11-27 06:05:47 --> Session: Class initialized using 'CodeIgniter\Session\Handlers\FileHandler' driver.
INFO - 2024-11-27 06:05:57 --> Session: Class initialized using 'CodeIgniter\Session\Handlers\FileHandler' driver.
INFO - 2024-11-27 06:06:07 --> Session: Class initialized using 'CodeIgniter\Session\Handlers\FileHandler' driver.
INFO - 2024-11-27 06:08:34 --> Session: Class initialized using 'CodeIgniter\Session\Handlers\FileHandler' driver.
INFO - 2024-11-27 06:08:37 --> Session: Class initialized using 'CodeIgniter\Session\Handlers\FileHandler' driver.
INFO - 2024-11-27 06:12:45 --> Session: Class initialized using 'CodeIgniter\Session\Handlers\FileHandler' driver.
INFO - 2024-11-27 06:12:45 --> Session: Class initialized using 'CodeIgniter\Session\Handlers\FileHandler' driver.
INFO - 2024-11-27 06:13:23 --> Session: Class initialized using 'CodeIgniter\Session\Handlers\FileHandler' driver.
INFO - 2024-11-27 06:14:19 --> Session: Class initialized using 'CodeIgniter\Session\Handlers\FileHandler' driver.
INFO - 2024-11-27 06:14:23 --> Session: Class initialized using 'CodeIgniter\Session\Handlers\FileHandler' driver.
INFO - 2024-11-27 06:14:26 --> Session: Class initialized using 'CodeIgniter\Session\Handlers\FileHandler' driver.
INFO - 2024-11-27 06:14:37 --> Session: Class initialized using 'CodeIgniter\Session\Handlers\FileHandler' driver.
INFO - 2024-11-27 06:14:42 --> Session: Class initialized using 'CodeIgniter\Session\Handlers\FileHandler' driver.
INFO - 2024-11-27 06:15:04 --> Session: Class initialized using 'CodeIgniter\Session\Handlers\FileHandler' driver.
INFO - 2024-11-27 06:32:23 --> Session: Class initialized using 'CodeIgniter\Session\Handlers\FileHandler' driver.
INFO - 2024-11-27 06:33:32 --> Session: Class initialized using 'CodeIgniter\Session\Handlers\FileHandler' driver.
INFO - 2024-11-27 06:33:32 --> Session: Class initialized using 'CodeIgniter\Session\Handlers\FileHandler' driver.
INFO - 2024-11-27 06:36:01 --> Session: Class initialized using 'CodeIgniter\Session\Handlers\FileHandler' driver.
INFO - 2024-11-27 06:36:01 --> Session: Class initialized using 'CodeIgniter\Session\Handlers\FileHandler' driver.
INFO - 2024-11-27 06:37:06 --> Session: Class initialized using 'CodeIgniter\Session\Handlers\FileHandler' driver.
INFO - 2024-11-27 06:37:06 --> Session: Class initialized using 'CodeIgniter\Session\Handlers\FileHandler' driver.
INFO - 2024-11-27 06:38:01 --> Session: Class initialized using 'CodeIgniter\Session\Handlers\FileHandler' driver.
INFO - 2024-11-27 06:38:03 --> Session: Class initialized using 'CodeIgniter\Session\Handlers\FileHandler' driver.
INFO - 2024-11-27 07:13:01 --> Session: Class initialized using 'CodeIgniter\Session\Handlers\FileHandler' driver.
INFO - 2024-11-27 07:13:05 --> Session: Class initialized using 'CodeIgniter\Session\Handlers\FileHandler' driver.
INFO - 2024-11-27 07:13:05 --> Session: Class initialized using 'CodeIgniter\Session\Handlers\FileHandler' driver.
INFO - 2024-11-27 07:34:28 --> Session: Class initialized using 'CodeIgniter\Session\Handlers\FileHandler' driver.
INFO - 2024-11-27 07:34:43 --> Session: Class initialized using 'CodeIgniter\Session\Handlers\FileHandler' driver.
INFO - 2024-11-27 07:34:55 --> Session: Class initialized using 'CodeIgniter\Session\Handlers\FileHandler' driver.
INFO - 2024-11-27 07:35:04 --> Session: Class initialized using 'CodeIgniter\Session\Handlers\FileHandler' driver.
INFO - 2024-11-27 07:35:38 --> Session: Class initialized using 'CodeIgniter\Session\Handlers\FileHandler' driver.
INFO - 2024-11-27 07:35:52 --> Session: Class initialized using 'CodeIgniter\Session\Handlers\FileHandler' driver.
INFO - 2024-11-27 07:35:52 --> Session: Class initialized using 'CodeIgniter\Session\Handlers\FileHandler' driver.
INFO - 2024-11-27 07:35:57 --> Session: Class initialized using 'CodeIgniter\Session\Handlers\FileHandler' driver.
INFO - 2024-11-27 07:35:57 --> Session: Class initialized using 'CodeIgniter\Session\Handlers\FileHandler' driver.
