INFO - 2024-11-18 12:36:57 --> Session: Class initialized using 'CodeIgniter\Session\Handlers\FileHandler' driver.
CRITICAL - 2024-11-18 12:36:57 --> Trying to access array offset on value of type null
in APPPATH/Controllers/BaseController.php on line 81.
 1 APPPATH/Controllers/BaseController.php(81): CodeIgniter\Debug\Exceptions->errorHandler(2, 'Trying to access array offset on value of type null', '/home/stagingbdsd/public_html/eu-world.com/adminpanel/app/Controllers/BaseController.php', 81)
 2 SYSTEMPATH/CodeIgniter.php(892): App\Controllers\BaseController->initController(Object(CodeIgniter\HTTP\IncomingRequest), Object(CodeIgniter\HTTP\Response), Object(CodeIgniter\Log\Logger))
 3 SYSTEMPATH/CodeIgniter.php(485): CodeIgniter\CodeIgniter->createController()
 4 SYSTEMPATH/CodeIgniter.php(353): CodeIgniter\CodeIgniter->handleRequest(null, Object(Config\Cache), false)
 5 FCPATH/index.php(79): CodeIgniter\CodeIgniter->run()
CRITICAL - 2024-11-18 12:36:57 --> Uncaught Error: Call to undefined method CodeIgniter\Debug\ExceptionHandler::cleanPath() in /home/stagingbdsd/public_html/eu-world.com/adminpanel/app/Views/errors/html/error_exception.php:69
Stack trace:
#0 /home/stagingbdsd/public_html/eu-world.com/adminpanel/system/Debug/BaseExceptionHandler.php(241): include()
#1 /home/stagingbdsd/public_html/eu-world.com/adminpanel/system/Debug/BaseExceptionHandler.php(244): CodeIgniter\Debug\BaseExceptionHandler->CodeIgniter\Debug\{closure}()
#2 /home/stagingbdsd/public_html/eu-world.com/adminpanel/system/Debug/ExceptionHandler.php(109): CodeIgniter\Debug\BaseExceptionHandler->render(Object(ErrorException), 500, '/home/stagingbd...')
#3 /home/stagingbdsd/public_html/eu-world.com/adminpanel/system/Debug/Exceptions.php(147): CodeIgniter\Debug\ExceptionHandler->handle(Object(ErrorException), Object(CodeIgniter\HTTP\IncomingRequest), Object(CodeIgniter\HTTP\Response), 500, 1)
#4 [internal function]: CodeIgniter\Debug\Exceptions->exceptionHandler(Object(ErrorException))
#5 {main}
  thrown
【Previous Exception】
ErrorException
Trying to access array offset on value of type null
#0 /home/stagingbdsd/public_html/eu-world.com/adminpanel/app/Controllers/BaseController.php(81): CodeIgniter\Debug\Exceptions->errorHandler(2, 'Trying to acces...', '/home/stagingbd...', 81)
#1 /home/stagingbdsd/public_html/eu-world.com/adminpanel/system/CodeIgniter.php(892): App\Controllers\BaseController->initController(Object(CodeIgniter\HTTP\IncomingRequest), Object(CodeIgniter\HTTP\Response), Object(CodeIgniter\Log\Logger))
#2 /home/stagingbdsd/public_html/eu-world.com/adminpanel/system/CodeIgniter.php(485): CodeIgniter\CodeIgniter->createController()
#3 /home/stagingbdsd/public_html/eu-world.com/adminpanel/system/CodeIgniter.php(353): CodeIgniter\CodeIgniter->handleRequest(NULL, Object(Config\Cache), false)
#4 /home/stagingbdsd/public_html/eu-world.com/adminpanel/index.php(79): CodeIgniter\CodeIgniter->run()
#5 {main}
in APPPATH/Views/errors/html/error_exception.php on line 69.
 1 [internal function]: CodeIgniter\Debug\Exceptions->shutdownHandler()
INFO - 2024-11-18 13:22:16 --> Session: Class initialized using 'CodeIgniter\Session\Handlers\FileHandler' driver.
CRITICAL - 2024-11-18 13:22:16 --> Trying to access array offset on value of type null
in APPPATH/Controllers/BaseController.php on line 81.
 1 APPPATH/Controllers/BaseController.php(81): CodeIgniter\Debug\Exceptions->errorHandler(2, 'Trying to access array offset on value of type null', '/home/stagingbdsd/public_html/eu-world.com/adminpanel/app/Controllers/BaseController.php', 81)
 2 SYSTEMPATH/CodeIgniter.php(892): App\Controllers\BaseController->initController(Object(CodeIgniter\HTTP\IncomingRequest), Object(CodeIgniter\HTTP\Response), Object(CodeIgniter\Log\Logger))
 3 SYSTEMPATH/CodeIgniter.php(485): CodeIgniter\CodeIgniter->createController()
 4 SYSTEMPATH/CodeIgniter.php(353): CodeIgniter\CodeIgniter->handleRequest(null, Object(Config\Cache), false)
 5 FCPATH/index.php(79): CodeIgniter\CodeIgniter->run()
CRITICAL - 2024-11-18 13:22:16 --> Uncaught Error: Call to undefined method CodeIgniter\Debug\ExceptionHandler::cleanPath() in /home/stagingbdsd/public_html/eu-world.com/adminpanel/app/Views/errors/html/error_exception.php:69
Stack trace:
#0 /home/stagingbdsd/public_html/eu-world.com/adminpanel/system/Debug/BaseExceptionHandler.php(241): include()
#1 /home/stagingbdsd/public_html/eu-world.com/adminpanel/system/Debug/BaseExceptionHandler.php(244): CodeIgniter\Debug\BaseExceptionHandler->CodeIgniter\Debug\{closure}()
#2 /home/stagingbdsd/public_html/eu-world.com/adminpanel/system/Debug/ExceptionHandler.php(109): CodeIgniter\Debug\BaseExceptionHandler->render(Object(ErrorException), 500, '/home/stagingbd...')
#3 /home/stagingbdsd/public_html/eu-world.com/adminpanel/system/Debug/Exceptions.php(147): CodeIgniter\Debug\ExceptionHandler->handle(Object(ErrorException), Object(CodeIgniter\HTTP\IncomingRequest), Object(CodeIgniter\HTTP\Response), 500, 1)
#4 [internal function]: CodeIgniter\Debug\Exceptions->exceptionHandler(Object(ErrorException))
#5 {main}
  thrown
【Previous Exception】
ErrorException
Trying to access array offset on value of type null
#0 /home/stagingbdsd/public_html/eu-world.com/adminpanel/app/Controllers/BaseController.php(81): CodeIgniter\Debug\Exceptions->errorHandler(2, 'Trying to acces...', '/home/stagingbd...', 81)
#1 /home/stagingbdsd/public_html/eu-world.com/adminpanel/system/CodeIgniter.php(892): App\Controllers\BaseController->initController(Object(CodeIgniter\HTTP\IncomingRequest), Object(CodeIgniter\HTTP\Response), Object(CodeIgniter\Log\Logger))
#2 /home/stagingbdsd/public_html/eu-world.com/adminpanel/system/CodeIgniter.php(485): CodeIgniter\CodeIgniter->createController()
#3 /home/stagingbdsd/public_html/eu-world.com/adminpanel/system/CodeIgniter.php(353): CodeIgniter\CodeIgniter->handleRequest(NULL, Object(Config\Cache), false)
#4 /home/stagingbdsd/public_html/eu-world.com/adminpanel/index.php(79): CodeIgniter\CodeIgniter->run()
#5 {main}
in APPPATH/Views/errors/html/error_exception.php on line 69.
 1 [internal function]: CodeIgniter\Debug\Exceptions->shutdownHandler()
INFO - 2024-11-18 13:22:40 --> Session: Class initialized using 'CodeIgniter\Session\Handlers\FileHandler' driver.
CRITICAL - 2024-11-18 13:22:40 --> Trying to access array offset on value of type null
in APPPATH/Controllers/BaseController.php on line 81.
 1 APPPATH/Controllers/BaseController.php(81): CodeIgniter\Debug\Exceptions->errorHandler(2, 'Trying to access array offset on value of type null', '/home/stagingbdsd/public_html/eu-world.com/adminpanel/app/Controllers/BaseController.php', 81)
 2 SYSTEMPATH/CodeIgniter.php(892): App\Controllers\BaseController->initController(Object(CodeIgniter\HTTP\IncomingRequest), Object(CodeIgniter\HTTP\Response), Object(CodeIgniter\Log\Logger))
 3 SYSTEMPATH/CodeIgniter.php(485): CodeIgniter\CodeIgniter->createController()
 4 SYSTEMPATH/CodeIgniter.php(353): CodeIgniter\CodeIgniter->handleRequest(null, Object(Config\Cache), false)
 5 FCPATH/index.php(79): CodeIgniter\CodeIgniter->run()
INFO - 2024-11-18 13:22:52 --> Session: Class initialized using 'CodeIgniter\Session\Handlers\FileHandler' driver.
CRITICAL - 2024-11-18 13:22:52 --> Trying to access array offset on value of type null
in APPPATH/Controllers/BaseController.php on line 81.
 1 APPPATH/Controllers/BaseController.php(81): CodeIgniter\Debug\Exceptions->errorHandler(2, 'Trying to access array offset on value of type null', '/home/stagingbdsd/public_html/eu-world.com/adminpanel/app/Controllers/BaseController.php', 81)
 2 SYSTEMPATH/CodeIgniter.php(892): App\Controllers\BaseController->initController(Object(CodeIgniter\HTTP\IncomingRequest), Object(CodeIgniter\HTTP\Response), Object(CodeIgniter\Log\Logger))
 3 SYSTEMPATH/CodeIgniter.php(485): CodeIgniter\CodeIgniter->createController()
 4 SYSTEMPATH/CodeIgniter.php(353): CodeIgniter\CodeIgniter->handleRequest(null, Object(Config\Cache), false)
 5 FCPATH/index.php(79): CodeIgniter\CodeIgniter->run()
CRITICAL - 2024-11-18 13:22:52 --> Uncaught Error: Call to undefined method CodeIgniter\Debug\ExceptionHandler::cleanPath() in /home/stagingbdsd/public_html/eu-world.com/adminpanel/app/Views/errors/html/error_exception.php:69
Stack trace:
#0 /home/stagingbdsd/public_html/eu-world.com/adminpanel/system/Debug/BaseExceptionHandler.php(241): include()
#1 /home/stagingbdsd/public_html/eu-world.com/adminpanel/system/Debug/BaseExceptionHandler.php(244): CodeIgniter\Debug\BaseExceptionHandler->CodeIgniter\Debug\{closure}()
#2 /home/stagingbdsd/public_html/eu-world.com/adminpanel/system/Debug/ExceptionHandler.php(109): CodeIgniter\Debug\BaseExceptionHandler->render(Object(ErrorException), 500, '/home/stagingbd...')
#3 /home/stagingbdsd/public_html/eu-world.com/adminpanel/system/Debug/Exceptions.php(147): CodeIgniter\Debug\ExceptionHandler->handle(Object(ErrorException), Object(CodeIgniter\HTTP\IncomingRequest), Object(CodeIgniter\HTTP\Response), 500, 1)
#4 [internal function]: CodeIgniter\Debug\Exceptions->exceptionHandler(Object(ErrorException))
#5 {main}
  thrown
【Previous Exception】
ErrorException
Trying to access array offset on value of type null
#0 /home/stagingbdsd/public_html/eu-world.com/adminpanel/app/Controllers/BaseController.php(81): CodeIgniter\Debug\Exceptions->errorHandler(2, 'Trying to acces...', '/home/stagingbd...', 81)
#1 /home/stagingbdsd/public_html/eu-world.com/adminpanel/system/CodeIgniter.php(892): App\Controllers\BaseController->initController(Object(CodeIgniter\HTTP\IncomingRequest), Object(CodeIgniter\HTTP\Response), Object(CodeIgniter\Log\Logger))
#2 /home/stagingbdsd/public_html/eu-world.com/adminpanel/system/CodeIgniter.php(485): CodeIgniter\CodeIgniter->createController()
#3 /home/stagingbdsd/public_html/eu-world.com/adminpanel/system/CodeIgniter.php(353): CodeIgniter\CodeIgniter->handleRequest(NULL, Object(Config\Cache), false)
#4 /home/stagingbdsd/public_html/eu-world.com/adminpanel/index.php(79): CodeIgniter\CodeIgniter->run()
#5 {main}
in APPPATH/Views/errors/html/error_exception.php on line 69.
 1 [internal function]: CodeIgniter\Debug\Exceptions->shutdownHandler()
INFO - 2024-11-18 13:24:58 --> Session: Class initialized using 'CodeIgniter\Session\Handlers\FileHandler' driver.
INFO - 2024-11-18 13:25:34 --> Session: Class initialized using 'CodeIgniter\Session\Handlers\FileHandler' driver.
INFO - 2024-11-18 13:25:40 --> Session: Class initialized using 'CodeIgniter\Session\Handlers\FileHandler' driver.
INFO - 2024-11-18 13:25:59 --> Session: Class initialized using 'CodeIgniter\Session\Handlers\FileHandler' driver.
INFO - 2024-11-18 13:26:02 --> Session: Class initialized using 'CodeIgniter\Session\Handlers\FileHandler' driver.
INFO - 2024-11-18 13:27:53 --> Session: Class initialized using 'CodeIgniter\Session\Handlers\FileHandler' driver.
INFO - 2024-11-18 13:27:53 --> Session: Class initialized using 'CodeIgniter\Session\Handlers\FileHandler' driver.
INFO - 2024-11-18 13:31:34 --> Session: Class initialized using 'CodeIgniter\Session\Handlers\FileHandler' driver.
INFO - 2024-11-18 13:31:35 --> Session: Class initialized using 'CodeIgniter\Session\Handlers\FileHandler' driver.
INFO - 2024-11-18 13:32:31 --> Session: Class initialized using 'CodeIgniter\Session\Handlers\FileHandler' driver.
INFO - 2024-11-18 13:32:31 --> Session: Class initialized using 'CodeIgniter\Session\Handlers\FileHandler' driver.
